[2022-08-22 10:44:44]# Query => Action - add , Queue - mik_test_progessive_default03_106, priority - 5

[2022-08-22 10:44:45]# Query => member => SIP/102030,5


[2022-08-22 11:04:43]# Query => member => SIP/102030,0


[2022-08-22 11:04:43]# Query => member => SIP/102030,5


[2022-08-22 11:04:44]# Query => member => SIP/102030,5


[2022-08-22 11:38:08]# Query => Action - add , Queue - mik_test_inbound_queue_108, priority - 5

[2022-08-22 11:38:09]# Query => member => SIP/102031,5


[2022-08-22 13:15:27]# Query => Action - add , Queue - ed_01_109, priority - 5

[2022-08-22 13:15:28]# Query => member => SIP/11223344,5


[2022-08-22 14:44:22]# Query => member => SIP/11223344,0


[2022-08-22 14:44:23]# Query => member => SIP/11223344,10


[2022-08-22 16:37:15]# Query => Action - add , Queue - ed_01_109, priority - 5

[2022-08-22 16:37:16]# Query => member => SIP/08655440322@,5


[2022-08-22 16:38:36]# Query => member => SIP/08655440322@,0


[2022-08-22 16:38:37]# Query => member => SIP/08655440322@,0


[2022-08-22 18:01:59]# Query => member => SIP/08655440322@,0


[2022-08-22 18:02:00]# Query => member => SIP/08655440322@,0


[2022-08-22 18:25:11]# Query => member => SIP/1221,0


[2022-08-22 18:25:11]# Query => member => SIP/1221,10


[2022-08-22 18:53:21]# Query => member => SIP/11223344,0


[2022-08-22 18:53:22]# Query => member => SIP/11223344,10


[2022-08-22 18:54:29]# Query => Action - add , Queue - edas_110, priority - 5

[2022-08-22 18:54:30]# Query => member => SIP/11223355,5


