[2022-08-25 14:43:35]# Query => CREATE DATABASE vaani_CL1420220825091335591582 CHARACTER SET utf8mb4 COLLATE utf8mb4_unicode_ci 

[2022-08-25 14:43:35]# Query => SHOW TABLES FROM dynamic_asterisk

[2022-08-25 14:43:35]# Query => drop query

[2022-08-25 14:43:35]# Query => SHOW CREATE TABLE `customer`

[2022-08-25 14:43:36]# Query => drop query

[2022-08-25 14:43:36]# Query => SHOW CREATE TABLE `disp_list`

[2022-08-25 14:43:36]# Query => drop query

[2022-08-25 14:43:36]# Query => SHOW CREATE TABLE `history`

[2022-08-25 14:43:36]# Query => drop query

[2022-08-25 14:43:36]# Query => SHOW CREATE TABLE `inbound_edas`

[2022-08-25 14:43:37]# Query => drop query

[2022-08-25 14:43:37]# Query => SHOW CREATE TABLE `manual_dial_detail`

[2022-08-25 14:43:37]# Query => drop query

[2022-08-25 14:43:37]# Query => SHOW CREATE TABLE `vaani_active_lead`

[2022-08-25 14:43:38]# Query => drop query

[2022-08-25 14:43:38]# Query => SHOW CREATE TABLE `vaani_active_status`

[2022-08-25 14:43:38]# Query => drop query

[2022-08-25 14:43:38]# Query => SHOW CREATE TABLE `vaani_agent_call_master`

[2022-08-25 14:43:39]# Query => drop query

[2022-08-25 14:43:39]# Query => SHOW CREATE TABLE `vaani_agent_call_report`

[2022-08-25 14:43:39]# Query => drop query

[2022-08-25 14:43:39]# Query => SHOW CREATE TABLE `vaani_agent_live_status`

[2022-08-25 14:43:40]# Query => drop query

[2022-08-25 14:43:40]# Query => SHOW CREATE TABLE `vaani_apr_report`

[2022-08-25 14:43:40]# Query => drop query

[2022-08-25 14:43:40]# Query => SHOW CREATE TABLE `vaani_batch_filter`

[2022-08-25 14:43:41]# Query => drop query

[2022-08-25 14:43:41]# Query => SHOW CREATE TABLE `vaani_break_log`

[2022-08-25 14:43:41]# Query => drop query

[2022-08-25 14:43:41]# Query => SHOW CREATE TABLE `vaani_call_access`

[2022-08-25 14:43:42]# Query => drop query

[2022-08-25 14:43:42]# Query => SHOW CREATE TABLE `vaani_callback_list`

[2022-08-25 14:43:42]# Query => drop query

[2022-08-25 14:43:42]# Query => SHOW CREATE TABLE `vaani_caller_detail`

[2022-08-25 14:43:43]# Query => drop query

[2022-08-25 14:43:43]# Query => SHOW CREATE TABLE `vaani_camp_dispositions`

[2022-08-25 14:43:44]# Query => drop query

[2022-08-25 14:43:44]# Query => SHOW CREATE TABLE `vaani_campaign_break`

[2022-08-25 14:43:44]# Query => drop query

[2022-08-25 14:43:44]# Query => SHOW CREATE TABLE `vaani_campaign_transfer`

[2022-08-25 14:43:45]# Query => drop query

[2022-08-25 14:43:45]# Query => SHOW CREATE TABLE `vaani_client_cron`

[2022-08-25 14:43:45]# Query => drop query

[2022-08-25 14:43:45]# Query => SHOW CREATE TABLE `vaani_client_operators`

[2022-08-25 14:43:45]# Query => drop query

[2022-08-25 14:43:45]# Query => SHOW CREATE TABLE `vaani_conference_call`

[2022-08-25 14:43:46]# Query => drop query

[2022-08-25 14:43:46]# Query => SHOW CREATE TABLE `vaani_consult_call`

[2022-08-25 14:43:46]# Query => drop query

[2022-08-25 14:43:46]# Query => SHOW CREATE TABLE `vaani_costomer_history`

[2022-08-25 14:43:47]# Query => drop query

[2022-08-25 14:43:47]# Query => SHOW CREATE TABLE `vaani_costomer_info`

[2022-08-25 14:43:47]# Query => drop query

[2022-08-25 14:43:47]# Query => SHOW CREATE TABLE `vaani_crm`

[2022-08-25 14:43:47]# Query => drop query

[2022-08-25 14:43:47]# Query => SHOW CREATE TABLE `vaani_crm_dial_lead`

[2022-08-25 14:43:48]# Query => drop query

[2022-08-25 14:43:48]# Query => SHOW CREATE TABLE `vaani_crm_fields`

[2022-08-25 14:43:49]# Query => drop query

[2022-08-25 14:43:49]# Query => SHOW CREATE TABLE `vaani_crm_lead_mapping`

[2022-08-25 14:43:49]# Query => drop query

[2022-08-25 14:43:49]# Query => SHOW CREATE TABLE `vaani_dial_leads`

[2022-08-25 14:43:50]# Query => drop query

[2022-08-25 14:43:50]# Query => SHOW CREATE TABLE `vaani_dial_leads_history`

[2022-08-25 14:43:50]# Query => drop query

[2022-08-25 14:43:50]# Query => SHOW CREATE TABLE `vaani_disposition_plan`

[2022-08-25 14:43:51]# Query => drop query

[2022-08-25 14:43:51]# Query => SHOW CREATE TABLE `vaani_dispositions`

[2022-08-25 14:43:51]# Query => drop query

[2022-08-25 14:43:51]# Query => SHOW CREATE TABLE `vaani_lead_basket`

[2022-08-25 14:43:52]# Query => drop query

[2022-08-25 14:43:52]# Query => SHOW CREATE TABLE `vaani_lead_basket_history`

[2022-08-25 14:43:52]# Query => drop query

[2022-08-25 14:43:52]# Query => SHOW CREATE TABLE `vaani_lead_batch`

[2022-08-25 14:43:53]# Query => drop query

[2022-08-25 14:43:53]# Query => SHOW CREATE TABLE `vaani_lead_dump`

[2022-08-25 14:43:53]# Query => drop query

[2022-08-25 14:43:53]# Query => SHOW CREATE TABLE `vaani_lead_mapping`

[2022-08-25 14:43:54]# Query => drop query

[2022-08-25 14:43:54]# Query => SHOW CREATE TABLE `vaani_outbound`

[2022-08-25 14:43:54]# Query => drop query

[2022-08-25 14:43:54]# Query => SHOW CREATE TABLE `vaani_predictive_action`

[2022-08-25 14:43:55]# Query => drop query

[2022-08-25 14:43:55]# Query => SHOW CREATE TABLE `vaani_predictive_action_history`

[2022-08-25 14:43:55]# Query => drop query

[2022-08-25 14:43:55]# Query => SHOW CREATE TABLE `vaani_predictive_dial_detail`

[2022-08-25 14:43:56]# Query => drop query

[2022-08-25 14:43:56]# Query => SHOW CREATE TABLE `vaani_preview_dial_detail`

[2022-08-25 14:43:56]# Query => drop query

[2022-08-25 14:43:56]# Query => SHOW CREATE TABLE `vaani_progressive_dial_detail`

[2022-08-25 14:43:57]# Query => drop query

[2022-08-25 14:43:57]# Query => SHOW CREATE TABLE `vaani_rechurn_dispositions`

[2022-08-25 14:43:58]# Query => drop query

[2022-08-25 14:43:58]# Query => SHOW CREATE TABLE `vaani_rechurn_filter`

[2022-08-25 14:43:58]# Query => drop query

[2022-08-25 14:43:58]# Query => SHOW CREATE TABLE `vaani_rechurn_map`

[2022-08-25 14:43:59]# Query => drop query

[2022-08-25 14:43:59]# Query => SHOW CREATE TABLE `vaani_redial_call`

[2022-08-25 14:43:59]# Query => drop query

[2022-08-25 14:43:59]# Query => SHOW CREATE TABLE `vaani_user_active_queues`

[2022-08-25 18:42:18]# Query => CREATE DATABASE vaani_CL1420220825131218453238 CHARACTER SET utf8mb4 COLLATE utf8mb4_unicode_ci 

[2022-08-25 18:42:18]# Query => SHOW TABLES FROM dynamic_asterisk

[2022-08-25 18:42:18]# Query => drop query

[2022-08-25 18:42:18]# Query => SHOW CREATE TABLE `customer`

[2022-08-25 18:42:18]# Query => drop query

[2022-08-25 18:42:18]# Query => SHOW CREATE TABLE `disp_list`

[2022-08-25 18:42:19]# Query => drop query

[2022-08-25 18:42:19]# Query => SHOW CREATE TABLE `history`

[2022-08-25 18:42:20]# Query => drop query

[2022-08-25 18:42:20]# Query => SHOW CREATE TABLE `inbound_edas`

[2022-08-25 18:42:20]# Query => drop query

[2022-08-25 18:42:20]# Query => SHOW CREATE TABLE `manual_dial_detail`

[2022-08-25 18:42:20]# Query => drop query

[2022-08-25 18:42:20]# Query => SHOW CREATE TABLE `vaani_active_lead`

[2022-08-25 18:42:21]# Query => drop query

[2022-08-25 18:42:21]# Query => SHOW CREATE TABLE `vaani_active_status`

[2022-08-25 18:42:22]# Query => drop query

[2022-08-25 18:42:22]# Query => SHOW CREATE TABLE `vaani_agent_call_master`

[2022-08-25 18:42:22]# Query => drop query

[2022-08-25 18:42:22]# Query => SHOW CREATE TABLE `vaani_agent_call_report`

[2022-08-25 18:42:23]# Query => drop query

[2022-08-25 18:42:23]# Query => SHOW CREATE TABLE `vaani_agent_live_status`

[2022-08-25 18:42:24]# Query => drop query

[2022-08-25 18:42:24]# Query => SHOW CREATE TABLE `vaani_apr_report`

[2022-08-25 18:42:24]# Query => drop query

[2022-08-25 18:42:24]# Query => SHOW CREATE TABLE `vaani_batch_filter`

[2022-08-25 18:42:24]# Query => drop query

[2022-08-25 18:42:24]# Query => SHOW CREATE TABLE `vaani_break_log`

[2022-08-25 18:42:25]# Query => drop query

[2022-08-25 18:42:25]# Query => SHOW CREATE TABLE `vaani_call_access`

[2022-08-25 18:42:25]# Query => drop query

[2022-08-25 18:42:25]# Query => SHOW CREATE TABLE `vaani_callback_list`

[2022-08-25 18:42:26]# Query => drop query

[2022-08-25 18:42:26]# Query => SHOW CREATE TABLE `vaani_caller_detail`

[2022-08-25 18:42:26]# Query => drop query

[2022-08-25 18:42:26]# Query => SHOW CREATE TABLE `vaani_camp_dispositions`

[2022-08-25 18:42:27]# Query => drop query

[2022-08-25 18:42:27]# Query => SHOW CREATE TABLE `vaani_campaign_break`

[2022-08-25 18:42:27]# Query => drop query

[2022-08-25 18:42:27]# Query => SHOW CREATE TABLE `vaani_campaign_transfer`

[2022-08-25 18:42:28]# Query => drop query

[2022-08-25 18:42:28]# Query => SHOW CREATE TABLE `vaani_client_cron`

[2022-08-25 18:42:28]# Query => drop query

[2022-08-25 18:42:28]# Query => SHOW CREATE TABLE `vaani_client_operators`

[2022-08-25 18:42:29]# Query => drop query

[2022-08-25 18:42:29]# Query => SHOW CREATE TABLE `vaani_conference_call`

[2022-08-25 18:42:29]# Query => drop query

[2022-08-25 18:42:29]# Query => SHOW CREATE TABLE `vaani_consult_call`

[2022-08-25 18:42:29]# Query => drop query

[2022-08-25 18:42:29]# Query => SHOW CREATE TABLE `vaani_costomer_history`

[2022-08-25 18:42:30]# Query => drop query

[2022-08-25 18:42:30]# Query => SHOW CREATE TABLE `vaani_costomer_info`

[2022-08-25 18:42:30]# Query => drop query

[2022-08-25 18:42:30]# Query => SHOW CREATE TABLE `vaani_crm`

[2022-08-25 18:42:31]# Query => drop query

[2022-08-25 18:42:31]# Query => SHOW CREATE TABLE `vaani_crm_dial_lead`

[2022-08-25 18:42:31]# Query => drop query

[2022-08-25 18:42:31]# Query => SHOW CREATE TABLE `vaani_crm_fields`

[2022-08-25 18:42:32]# Query => drop query

[2022-08-25 18:42:32]# Query => SHOW CREATE TABLE `vaani_crm_lead_mapping`

[2022-08-25 18:42:33]# Query => drop query

[2022-08-25 18:42:33]# Query => SHOW CREATE TABLE `vaani_dial_leads`

[2022-08-25 18:42:33]# Query => drop query

[2022-08-25 18:42:33]# Query => SHOW CREATE TABLE `vaani_dial_leads_history`

[2022-08-25 18:42:34]# Query => drop query

[2022-08-25 18:42:34]# Query => SHOW CREATE TABLE `vaani_disposition_plan`

[2022-08-25 18:42:34]# Query => drop query

[2022-08-25 18:42:34]# Query => SHOW CREATE TABLE `vaani_dispositions`

[2022-08-25 18:42:35]# Query => drop query

[2022-08-25 18:42:35]# Query => SHOW CREATE TABLE `vaani_lead_basket`

[2022-08-25 18:42:35]# Query => drop query

[2022-08-25 18:42:35]# Query => SHOW CREATE TABLE `vaani_lead_basket_history`

[2022-08-25 18:42:36]# Query => drop query

[2022-08-25 18:42:36]# Query => SHOW CREATE TABLE `vaani_lead_batch`

[2022-08-25 18:42:36]# Query => drop query

[2022-08-25 18:42:36]# Query => SHOW CREATE TABLE `vaani_lead_dump`

[2022-08-25 18:42:37]# Query => drop query

[2022-08-25 18:42:37]# Query => SHOW CREATE TABLE `vaani_lead_mapping`

[2022-08-25 18:42:37]# Query => drop query

[2022-08-25 18:42:37]# Query => SHOW CREATE TABLE `vaani_outbound`

[2022-08-25 18:42:38]# Query => drop query

[2022-08-25 18:42:38]# Query => SHOW CREATE TABLE `vaani_predictive_action`

[2022-08-25 18:42:38]# Query => drop query

[2022-08-25 18:42:38]# Query => SHOW CREATE TABLE `vaani_predictive_action_history`

[2022-08-25 18:42:39]# Query => drop query

[2022-08-25 18:42:39]# Query => SHOW CREATE TABLE `vaani_predictive_dial_detail`

[2022-08-25 18:42:39]# Query => drop query

[2022-08-25 18:42:39]# Query => SHOW CREATE TABLE `vaani_preview_dial_detail`

[2022-08-25 18:42:39]# Query => drop query

[2022-08-25 18:42:39]# Query => SHOW CREATE TABLE `vaani_progressive_dial_detail`

[2022-08-25 18:42:40]# Query => drop query

[2022-08-25 18:42:40]# Query => SHOW CREATE TABLE `vaani_rechurn_dispositions`

[2022-08-25 18:42:40]# Query => drop query

[2022-08-25 18:42:40]# Query => SHOW CREATE TABLE `vaani_rechurn_filter`

[2022-08-25 18:42:41]# Query => drop query

[2022-08-25 18:42:41]# Query => SHOW CREATE TABLE `vaani_rechurn_map`

[2022-08-25 18:42:41]# Query => drop query

[2022-08-25 18:42:41]# Query => SHOW CREATE TABLE `vaani_redial_call`

[2022-08-25 18:42:42]# Query => drop query

[2022-08-25 18:42:42]# Query => SHOW CREATE TABLE `vaani_user_active_queues`

