[2022-08-18 16:59:38]# Query => CREATE DATABASE vaani_CL1420220818112938681848 CHARACTER SET utf8mb4 COLLATE utf8mb4_unicode_ci 

[2022-08-18 16:59:38]# Query => SHOW TABLES FROM dynamic_asterisk

[2022-08-18 16:59:38]# Query => drop query

[2022-08-18 16:59:38]# Query => SHOW CREATE TABLE `customer`

[2022-08-18 16:59:39]# Query => drop query

[2022-08-18 16:59:39]# Query => SHOW CREATE TABLE `disp_list`

[2022-08-18 16:59:39]# Query => drop query

[2022-08-18 16:59:39]# Query => SHOW CREATE TABLE `history`

[2022-08-18 16:59:40]# Query => drop query

[2022-08-18 16:59:40]# Query => SHOW CREATE TABLE `inbound_edas`

[2022-08-18 16:59:40]# Query => drop query

[2022-08-18 16:59:40]# Query => SHOW CREATE TABLE `manual_dial_detail`

[2022-08-18 16:59:40]# Query => drop query

[2022-08-18 16:59:40]# Query => SHOW CREATE TABLE `vaani_active_lead`

[2022-08-18 16:59:41]# Query => drop query

[2022-08-18 16:59:41]# Query => SHOW CREATE TABLE `vaani_active_status`

[2022-08-18 16:59:41]# Query => drop query

[2022-08-18 16:59:41]# Query => SHOW CREATE TABLE `vaani_agent_call_master`

[2022-08-18 16:59:42]# Query => drop query

[2022-08-18 16:59:42]# Query => SHOW CREATE TABLE `vaani_agent_call_report`

[2022-08-18 16:59:43]# Query => drop query

[2022-08-18 16:59:43]# Query => SHOW CREATE TABLE `vaani_agent_live_status`

[2022-08-18 16:59:43]# Query => drop query

[2022-08-18 16:59:43]# Query => SHOW CREATE TABLE `vaani_apr_report`

[2022-08-18 16:59:43]# Query => drop query

[2022-08-18 16:59:43]# Query => SHOW CREATE TABLE `vaani_batch_filter`

[2022-08-18 16:59:44]# Query => drop query

[2022-08-18 16:59:44]# Query => SHOW CREATE TABLE `vaani_break_log`

[2022-08-18 16:59:44]# Query => drop query

[2022-08-18 16:59:44]# Query => SHOW CREATE TABLE `vaani_call_access`

[2022-08-18 16:59:45]# Query => drop query

[2022-08-18 16:59:45]# Query => SHOW CREATE TABLE `vaani_callback_list`

[2022-08-18 16:59:45]# Query => drop query

[2022-08-18 16:59:45]# Query => SHOW CREATE TABLE `vaani_caller_detail`

[2022-08-18 16:59:46]# Query => drop query

[2022-08-18 16:59:46]# Query => SHOW CREATE TABLE `vaani_camp_dispositions`

[2022-08-18 16:59:46]# Query => drop query

[2022-08-18 16:59:46]# Query => SHOW CREATE TABLE `vaani_campaign_break`

[2022-08-18 16:59:46]# Query => drop query

[2022-08-18 16:59:46]# Query => SHOW CREATE TABLE `vaani_campaign_transfer`

[2022-08-18 16:59:47]# Query => drop query

[2022-08-18 16:59:47]# Query => SHOW CREATE TABLE `vaani_client_cron`

[2022-08-18 16:59:47]# Query => drop query

[2022-08-18 16:59:47]# Query => SHOW CREATE TABLE `vaani_client_operators`

[2022-08-18 16:59:48]# Query => drop query

[2022-08-18 16:59:48]# Query => SHOW CREATE TABLE `vaani_conference_call`

[2022-08-18 16:59:48]# Query => drop query

[2022-08-18 16:59:48]# Query => SHOW CREATE TABLE `vaani_consult_call`

[2022-08-18 16:59:49]# Query => drop query

[2022-08-18 16:59:49]# Query => SHOW CREATE TABLE `vaani_costomer_history`

[2022-08-18 16:59:49]# Query => drop query

[2022-08-18 16:59:49]# Query => SHOW CREATE TABLE `vaani_costomer_info`

[2022-08-18 16:59:49]# Query => drop query

[2022-08-18 16:59:49]# Query => SHOW CREATE TABLE `vaani_crm`

[2022-08-18 16:59:50]# Query => drop query

[2022-08-18 16:59:50]# Query => SHOW CREATE TABLE `vaani_crm_dial_lead`

[2022-08-18 16:59:50]# Query => drop query

[2022-08-18 16:59:50]# Query => SHOW CREATE TABLE `vaani_crm_fields`

[2022-08-18 16:59:51]# Query => drop query

[2022-08-18 16:59:51]# Query => SHOW CREATE TABLE `vaani_crm_lead_mapping`

[2022-08-18 16:59:51]# Query => drop query

[2022-08-18 16:59:51]# Query => SHOW CREATE TABLE `vaani_dial_leads`

[2022-08-18 16:59:52]# Query => drop query

[2022-08-18 16:59:52]# Query => SHOW CREATE TABLE `vaani_dial_leads_history`

[2022-08-18 16:59:52]# Query => drop query

[2022-08-18 16:59:52]# Query => SHOW CREATE TABLE `vaani_disposition_plan`

[2022-08-18 16:59:53]# Query => drop query

[2022-08-18 16:59:53]# Query => SHOW CREATE TABLE `vaani_dispositions`

[2022-08-18 16:59:53]# Query => drop query

[2022-08-18 16:59:53]# Query => SHOW CREATE TABLE `vaani_lead_basket`

[2022-08-18 16:59:54]# Query => drop query

[2022-08-18 16:59:54]# Query => SHOW CREATE TABLE `vaani_lead_basket_history`

[2022-08-18 16:59:54]# Query => drop query

[2022-08-18 16:59:54]# Query => SHOW CREATE TABLE `vaani_lead_batch`

[2022-08-18 16:59:55]# Query => drop query

[2022-08-18 16:59:55]# Query => SHOW CREATE TABLE `vaani_lead_dump`

[2022-08-18 16:59:55]# Query => drop query

[2022-08-18 16:59:55]# Query => SHOW CREATE TABLE `vaani_lead_mapping`

[2022-08-18 16:59:56]# Query => drop query

[2022-08-18 16:59:56]# Query => SHOW CREATE TABLE `vaani_outbound`

[2022-08-18 16:59:56]# Query => drop query

[2022-08-18 16:59:56]# Query => SHOW CREATE TABLE `vaani_predictive_action`

[2022-08-18 16:59:56]# Query => drop query

[2022-08-18 16:59:56]# Query => SHOW CREATE TABLE `vaani_predictive_action_history`

[2022-08-18 16:59:57]# Query => drop query

[2022-08-18 16:59:57]# Query => SHOW CREATE TABLE `vaani_predictive_dial_detail`

[2022-08-18 16:59:58]# Query => drop query

[2022-08-18 16:59:58]# Query => SHOW CREATE TABLE `vaani_preview_dial_detail`

[2022-08-18 16:59:58]# Query => drop query

[2022-08-18 16:59:58]# Query => SHOW CREATE TABLE `vaani_progressive_dial_detail`

[2022-08-18 16:59:59]# Query => drop query

[2022-08-18 16:59:59]# Query => SHOW CREATE TABLE `vaani_rechurn_dispositions`

[2022-08-18 17:00:00]# Query => drop query

[2022-08-18 17:00:00]# Query => SHOW CREATE TABLE `vaani_rechurn_filter`

[2022-08-18 17:00:00]# Query => drop query

[2022-08-18 17:00:00]# Query => SHOW CREATE TABLE `vaani_rechurn_map`

[2022-08-18 17:00:01]# Query => drop query

[2022-08-18 17:00:01]# Query => SHOW CREATE TABLE `vaani_redial_call`

[2022-08-18 17:00:01]# Query => drop query

[2022-08-18 17:00:01]# Query => SHOW CREATE TABLE `vaani_user_active_queues`

